{
  "RSpec": {
    "coverage": {
      "/home/angel/Code/RB/test_api_4/app/api/api.rb": [
        1,
        1,
        1,
        1,
        1,
        null
      ],
      "/home/angel/Code/RB/test_api_4/app/api/pets.rb": [
        null,
        1,
        1,
        null,
        null,
        null,
        1,
        1,
        null,
        null,
        null,
        2,
        0,
        null,
        null,
        null,
        null,
        null,
        1,
        0,
        0,
        0,
        0,
        0,
        0,
        0,
        null,
        0,
        null,
        null,
        1,
        2,
        2,
        2,
        2,
        null,
        null,
        2,
        1,
        1,
        1,
        1,
        1,
        null,
        1,
        1,
        1,
        null,
        null,
        2,
        2,
        2,
        null,
        null,
        2,
        2,
        0,
        null,
        null,
        null,
        null,
        null,
        null
      ],
      "/home/angel/Code/RB/test_api_4/app/helpers/create_next_url.rb": [
        1,
        null,
        null,
        null,
        1,
        1,
        0,
        0,
        0,
        0,
        0,
        null,
        null,
        null,
        null,
        1,
        0,
        null,
        null,
        null,
        null,
        1,
        0,
        null,
        null
      ],
      "/home/angel/Code/RB/test_api_4/app/helpers/application_helper.rb": [
        null,
        null,
        1,
        null
      ],
      "/home/angel/Code/RB/test_api_4/app/models/pet.rb": [
        null,
        null,
        1,
        null,
        1,
        1,
        null
      ],
      "/home/angel/Code/RB/test_api_4/app/models/application_record.rb": [
        null,
        null,
        1,
        1,
        null
      ],
      "/home/angel/Code/RB/test_api_4/app/api/entities/pet.rb": [
        1,
        1,
        1,
        null,
        null
      ],
      "/home/angel/Code/RB/test_api_4/app/controllers/application_controller.rb": [
        0,
        0,
        0,
        0
      ],
      "/home/angel/Code/RB/test_api_4/app/mailers/application_mailer.rb": [
        0,
        0,
        0,
        0,
        0,
        0
      ],
      "/home/angel/Code/RB/test_api_4/app/jobs/application_job.rb": [
        0,
        0,
        0,
        0,
        0,
        0,
        0,
        0,
        0
      ],
      "/home/angel/Code/RB/test_api_4/app/channels/application_cable/channel.rb": [
        0,
        0,
        0,
        0
      ],
      "/home/angel/Code/RB/test_api_4/app/channels/application_cable/connection.rb": [
        0,
        0,
        0,
        0
      ]
    },
    "timestamp": 1620940250
  }
}
